c:\users\scottkast\documents\classes\cs161\new space invaders\invaders phase 3\invaders phase 3\debug\vc142.pdb
c:\users\scottkast\documents\classes\cs161\new space invaders\invaders phase 3\invaders phase 3\debug\vc142.idb
c:\users\scottkast\documents\classes\cs161\new space invaders\invaders phase 3\invaders phase 3\debug\spritesheet.obj
c:\users\scottkast\documents\classes\cs161\new space invaders\invaders phase 3\invaders phase 3\debug\object_text.obj
c:\users\scottkast\documents\classes\cs161\new space invaders\invaders phase 3\invaders phase 3\debug\object_player.obj
c:\users\scottkast\documents\classes\cs161\new space invaders\invaders phase 3\invaders phase 3\debug\object_mobile.obj
c:\users\scottkast\documents\classes\cs161\new space invaders\invaders phase 3\invaders phase 3\debug\object_game.obj
c:\users\scottkast\documents\classes\cs161\new space invaders\invaders phase 3\invaders phase 3\debug\object_bullets_player.obj
c:\users\scottkast\documents\classes\cs161\new space invaders\invaders phase 3\invaders phase 3\debug\object_bullets.obj
c:\users\scottkast\documents\classes\cs161\new space invaders\invaders phase 3\invaders phase 3\debug\object_block.obj
c:\users\scottkast\documents\classes\cs161\new space invaders\invaders phase 3\invaders phase 3\debug\main.obj
c:\users\scottkast\documents\classes\cs161\new space invaders\invaders phase 3\invaders phase 3\debug\level_main.obj
c:\users\scottkast\documents\classes\cs161\new space invaders\invaders phase 3\invaders phase 3\debug\level_loading.obj
c:\users\scottkast\documents\classes\cs161\new space invaders\invaders phase 3\invaders phase 3\debug\level_game.obj
c:\users\scottkast\documents\classes\cs161\new space invaders\invaders phase 3\invaders phase 3\debug\graphics.obj
c:\users\scottkast\documents\classes\cs161\new space invaders\invaders phase 3\invaders phase 3\debug\gamecontroller.obj
c:\users\scottkast\documents\classes\cs161\new space invaders\invaders phase 3\debug\invaders phase 3.ilk
c:\users\scottkast\documents\classes\cs161\new space invaders\invaders phase 3\debug\invaders phase 3.exe
c:\users\scottkast\documents\classes\cs161\new space invaders\invaders phase 3\debug\invaders phase 3.pdb
c:\users\scottkast\documents\classes\cs161\new space invaders\invaders phase 3\invaders phase 3\debug\invaders phase 3.tlog\cl.command.1.tlog
c:\users\scottkast\documents\classes\cs161\new space invaders\invaders phase 3\invaders phase 3\debug\invaders phase 3.tlog\cl.read.1.tlog
c:\users\scottkast\documents\classes\cs161\new space invaders\invaders phase 3\invaders phase 3\debug\invaders phase 3.tlog\cl.write.1.tlog
c:\users\scottkast\documents\classes\cs161\new space invaders\invaders phase 3\invaders phase 3\debug\invaders phase 3.tlog\link.command.1.tlog
c:\users\scottkast\documents\classes\cs161\new space invaders\invaders phase 3\invaders phase 3\debug\invaders phase 3.tlog\link.read.1.tlog
c:\users\scottkast\documents\classes\cs161\new space invaders\invaders phase 3\invaders phase 3\debug\invaders phase 3.tlog\link.write.1.tlog
